<?xml version="1.0" encoding="utf-8"?><testsuites name="pytest tests"><testsuite name="pytest" errors="0" failures="0" skipped="0" tests="5" time="1.187" timestamp="2026-08-13T14:19:59.970459+00:00" hostname="agent-env-bad151ec-cd32-47bf-a074-b190851aca51"><testcase classname="tests.test_contact_api" name="test_root" time="0.267" /><testcase classname="tests.test_contact_api" name="test_create_lead_valid" time="0.099" /><testcase classname="tests.test_contact_api" name="test_create_lead_invalid_email" time="0.076" /><testcase classname="tests.test_contact_api" name="test_create_lead_missing_required" time="0.067" /><testcase classname="tests.test_contact_api" name="test_list_leads_sorted" time="0.215" /></testsuite></testsuites>